<?xml version="1.0" encoding="UTF-8"?>
<!-- Generated by org.testng.reporters.JUnitReportReporter -->
<testsuite skipped="0" hostname="acer-PC" name="practiceSet.ActionsClassExample" tests="1" failures="0" timestamp="15 Feb 2019 11:23:08 GMT" time="12.325" errors="0">
  <testcase name="f" time="12.325" classname="practiceSet.ActionsClassExample"/>
</testsuite> <!-- practiceSet.ActionsClassExample -->
