<?xml version="1.0" encoding="UTF-8"?>
<!-- Generated by org.testng.reporters.JUnitReportReporter -->
<testsuite skipped="0" hostname="acer-PC" name="dummyApp.Login_TestCase" tests="20" failures="0" timestamp="20 Feb 2019 10:32:12 GMT" time="37.167" errors="0">
  <testcase name="verify_Url" time="0.042" classname="dummyApp.Login_TestCase"/>
  <testcase name="verify_ApplicationTitle" time="0.026" classname="dummyApp.Login_TestCase"/>
  <testcase name="verify_Title" time="0.123" classname="dummyApp.Login_TestCase"/>
  <testcase name="login_Session" time="0.153" classname="dummyApp.Login_TestCase"/>
  <testcase name="check_PlaceHolder_Username" time="0.076" classname="dummyApp.Login_TestCase"/>
  <testcase name="check_PlaceHolder_Password" time="0.107" classname="dummyApp.Login_TestCase"/>
  <testcase name="check_Button_Color" time="0.281" classname="dummyApp.Login_TestCase"/>
  <testcase name="check_Links" time="0.381" classname="dummyApp.Login_TestCase"/>
  <testcase name="blank_Username_Password" time="0.584" classname="dummyApp.Login_TestCase"/>
  <testcase name="invalid_username_password" time="4.594" classname="dummyApp.Login_TestCase"/>
  <testcase name="valid_username_password" time="1.575" classname="dummyApp.Login_TestCase"/>
  <testcase name="url_Dashboard" time="0.025" classname="dummyApp.Login_TestCase"/>
  <testcase name="application_title_dashboard" time="0.014" classname="dummyApp.Login_TestCase"/>
  <testcase name="heading_Dashboard" time="2.100" classname="dummyApp.Login_TestCase"/>
  <testcase name="click_onUser" time="0.761" classname="dummyApp.Login_TestCase"/>
  <testcase name="getTabledata" time="9.026" classname="dummyApp.Login_TestCase"/>
  <testcase name="click_on_addUser" time="2.581" classname="dummyApp.Login_TestCase"/>
  <testcase name="fill_form" time="1.939" classname="dummyApp.Login_TestCase"/>
  <testcase name="clickOn_Operatorbtn" time="12.165" classname="dummyApp.Login_TestCase"/>
  <testcase name="clickOn_logOut" time="0.614" classname="dummyApp.Login_TestCase"/>
</testsuite> <!-- dummyApp.Login_TestCase -->
