<?xml version="1.0" encoding="UTF-8"?>
<!-- Generated by org.testng.reporters.JUnitReportReporter -->
<testsuite skipped="0" hostname="acer-PC" name="practiceSet.ReadExcelData" tests="1" failures="0" timestamp="05 Mar 2019 11:14:34 GMT" time="1.443" errors="0">
  <testcase name="ExcelReadCode" time="1.443" classname="practiceSet.ReadExcelData"/>
</testsuite> <!-- practiceSet.ReadExcelData -->
